 ***********************************************************************
 *  Build information for HAWCStab2
 *  Aeroservoelastic stability tool for wind turbines
 *  Intel, version         2021 ,     20201112
 *  WINDOWS 64-bit
 ***********************************************************************
 *  GIT-TAG        = v2.16.4
 *  GIT-BRANCH     = 
 *  BUILD_TYPE     = Windows64 RELEASE
 *  BUILDER        = ContainerAdministrator
 *  COMPUTER_NAME  = RUNNER-CWSASYZT
 *  BUILD_DATE     = Tue 08/13/2024
 ***********************************************************************
________________________________________________________________________
  Log file output
                                                       Time : 21:17:11
                                                       Date : 26:09.2024
________________________________________________________________________
The file '.\Group1_redesign_hawc2s_multiwsp.htc' does not exist
 Continue log
