Tue Nov  5 14:26:59 CET 2024
whoami
s233011
hostname -I
10.66.31.22 10.66.85.22 fd23:711a:2e3c:49e5:9a03:9b03:74:c2cc 
running task 126/240...
running HAWC2 on htc_turb/tcb/Group1_redesign_turb_tcb_19.0_28746.htc...
 ***********************************************************************
 *  Build information for HAWC2MB
 *  Aeroelastic tool HAWC2MB
 *  Intel, version         2021 ,     20210228
 *  Linux
 ***********************************************************************
 *  GIT-TAG        = 13.0.8
 *  GIT-BRANCH     = 
 *  BUILD_TYPE     = Linux64 RELEASE
 *  BUILDER        = gitlab-runner
 *  COMPUTER_NAME  = runner-ekfmjxy-project-399-concurrent-1
 *  BUILD_DATE     = 2023-11-28
 ***********************************************************************
ae, L, G, seed, Nx, Ny, Nz, dx, dy, dz, highfrq: 1.000000 29.400000 3.900000 28746 1024 32 32 11.132800 5.937500 5.937500 false
done
runtime: 5 seconds

------------------------------------------------------------
Sender: LSF System <lsfadmin@hpc.dtu.dk>
Subject: Job 23064300[126]: <hawc2[1-240]%100> in cluster <dcc> Done

Job <hawc2[1-240]%100> was submitted from host <gbarlogin1> by user <s233011> in cluster <dcc> at Tue Nov  5 14:26:50 2024
Job was executed on host(s) <n-62-31-22>, in queue <hpc>, as user <s233011> in cluster <dcc> at Tue Nov  5 14:26:58 2024
</zhome/2c/f/203069> was used as the home directory.
</zhome/2c/f/203069/hawc2sims> was used as the working directory.
Started at Tue Nov  5 14:26:58 2024
Terminated at Tue Nov  5 14:27:04 2024
Results reported at Tue Nov  5 14:27:04 2024

Your job looked like:

------------------------------------------------------------
# LSBATCH: User input
#!/bin/sh
#
#BSUB -J hawc2[1-240]%100
#BSUB -q hpc 
#BSUB -n 1
#BSUB -W 01:00
#BSUB -R "span[hosts=1]"
#BSUB -R "rusage[mem=2GB]"
#BSUB -u s233011@dtu.dk
##BSUB -B
##BSUB -N
#BSUB -o lsf_log/hawc2_output_%J_%I.out
#BSUB -e lsf_log/hawc2_error_%J_%I.err 


date
START_TIME=`date +%s`
echo whoami
whoami
echo hostname -I
hostname -I

echo "running task $LSB_JOBINDEX/240..."


# Read the list of htc files to run and store them in a bash array named FILE_LIST
readarray -t FILE_LIST < to_run.txt

# Get the htc filename for this job
FILE_NAME=${FILE_LIST[$LSB_JOBINDEX - 1]}

# Run HAWC2
echo "running HAWC2 on $FILE_NAME..."
module load hawc2
HAWC2MB.exe "$FILE_NAME"


END_TIME=`date +%s`
echo done
echo "runtime: $(($END_TIME-$START_TIME)) seconds"
------------------------------------------------------------

Successfully completed.

Resource usage summary:

    CPU time :                                   5.26 sec.
    Max Memory :                                 78 MB
    Average Memory :                             63.67 MB
    Total Requested Memory :                     2048.00 MB
    Delta Memory :                               1970.00 MB
    Max Swap :                                   -
    Max Processes :                              6
    Max Threads :                                7
    Run time :                                   7 sec.
    Turnaround time :                            14 sec.

The output (if any) is above this job summary.



PS:

Read file <lsf_log/hawc2_error_23064300_126.err> for stderr output of this job.

