Wed Oct 30 14:03:57 CET 2024
whoami
s232439
hostname -I
10.66.31.22 10.66.85.22 fd23:711a:2e3c:49e5:9a03:9b03:74:c2cc 
running task 31/40...
running HAWC2 on htc_steady/tilt/Group1_redesign_steady_tilt_19.0.htc...
 ***********************************************************************
 *  Build information for HAWC2MB
 *  Aeroelastic tool HAWC2MB
 *  Intel, version         2021 ,     20210228
 *  Linux
 ***********************************************************************
 *  GIT-TAG        = 13.0.8
 *  GIT-BRANCH     = 
 *  BUILD_TYPE     = Linux64 RELEASE
 *  BUILDER        = gitlab-runner
 *  COMPUTER_NAME  = runner-ekfmjxy-project-399-concurrent-1
 *  BUILD_DATE     = 2023-11-28
 ***********************************************************************
 ***********************************************************************
 *  Build information for HAWC2MB
 *  Aeroelastic tool HAWC2MB
 *  Intel, version         2021 ,     20210228
 *  Linux
 ***********************************************************************
 *  GIT-TAG        = 13.0.8
 *  GIT-BRANCH     = 
 *  BUILD_TYPE     = Linux64 RELEASE
 *  BUILDER        = gitlab-runner
 *  COMPUTER_NAME  = runner-ekfmjxy-project-399-concurrent-1
 *  BUILD_DATE     = 2023-11-28
 ***********************************************************************
 Controller dll initialization is successed!!
 Pitch Servo 1.2 loaded...
 Tower clearance DLL (mblade, ver. 1.0) loaded...
done
runtime: 535 seconds

------------------------------------------------------------
Sender: LSF System <lsfadmin@hpc.dtu.dk>
Subject: Job 22975477[31]: <hawc2[1-40]%10> in cluster <dcc> Done

Job <hawc2[1-40]%10> was submitted from host <gbarlogin1> by user <s232439> in cluster <dcc> at Wed Oct 30 13:37:40 2024
Job was executed on host(s) <n-62-31-22>, in queue <hpc>, as user <s232439> in cluster <dcc> at Wed Oct 30 14:03:56 2024
</zhome/7e/0/202573> was used as the home directory.
</zhome/7e/0/202573/hawc2sims> was used as the working directory.
Started at Wed Oct 30 14:03:56 2024
Terminated at Wed Oct 30 14:12:52 2024
Results reported at Wed Oct 30 14:12:52 2024

Your job looked like:

------------------------------------------------------------
# LSBATCH: User input
#!/bin/sh
#
#BSUB -J hawc2[1-40]%10
#BSUB -q hpc 
#BSUB -n 1
#BSUB -W 01:00
#BSUB -R "span[hosts=1]"
#BSUB -R "rusage[mem=2GB]"
#BSUB -u s232439@dtu.dk
##BSUB -B
##BSUB -N
#BSUB -o lsf_log/hawc2_output_%J_%I.out
#BSUB -e lsf_log/hawc2_error_%J_%I.err 


date
START_TIME=`date +%s`
echo whoami
whoami
echo hostname -I
hostname -I

echo "running task $LSB_JOBINDEX/40..."


# Read the list of htc files to run and store them in a bash array named FILE_LIST
readarray -t FILE_LIST < to_run.txt

# Get the htc filename for this job
FILE_NAME=${FILE_LIST[$LSB_JOBINDEX - 1]}

# Run HAWC2
echo "running HAWC2 on $FILE_NAME..."
module load hawc2
HAWC2MB.exe "$FILE_NAME"


END_TIME=`date +%s`
echo done
echo "runtime: $(($END_TIME-$START_TIME)) seconds"
------------------------------------------------------------

Successfully completed.

Resource usage summary:

    CPU time :                                   534.85 sec.
    Max Memory :                                 56 MB
    Average Memory :                             52.80 MB
    Total Requested Memory :                     2048.00 MB
    Delta Memory :                               1992.00 MB
    Max Swap :                                   -
    Max Processes :                              4
    Max Threads :                                5
    Run time :                                   537 sec.
    Turnaround time :                            2112 sec.

The output (if any) is above this job summary.



PS:

Read file <lsf_log/hawc2_error_22975477_31.err> for stderr output of this job.

