Loaded dependency [OpenFoam/v2312/gcc-12.3.0-binutils-2.40-openmpi-4.1.6]: make/4.4.1
Loaded dependency [mpi/4.1.6-gcc-12.3.0-binutils-2.40]: gcc/12.3.0-binutils-2.40
Loaded dependency [OpenFoam/v2312/gcc-12.3.0-binutils-2.40-openmpi-4.1.6]: mpi/4.1.6-gcc-12.3.0-binutils-2.40
Loaded dependency [OpenFoam/v2312/gcc-12.3.0-binutils-2.40-openmpi-4.1.6]: cmake/3.28.3
Loaded dependency [OpenFoam/v2312/gcc-12.3.0-binutils-2.40-openmpi-4.1.6]: ninja/1.11.1
Loaded module: OpenFoam/v2312/gcc-12.3.0-binutils-2.40-openmpi-4.1.6
using OpenFoam optimized for cpuarch: generic

Loading OpenFoam/v2312/gcc-12.3.0-binutils-2.40-openmpi-4.1.6
  Loading requirement: make/4.4.1 gcc/12.3.0-binutils-2.40
    mpi/4.1.6-gcc-12.3.0-binutils-2.40 cmake/3.28.3 ninja/1.11.1
Loaded module: hawc2/13.0.8
Could not verify license using license server.
Status-code: 111 Local config file does not exist.
Verifying using HAWCLicense...
DLL loaded with success HAWC2License.so
Using HAWC2License.so, version: 3.17-12-ga4a2d07-dirty
License verified - OK
License verified using local dll
 Opening main command file: 
 htc_steady/notilt/Group1_redesign_steady_notilt_16.0.htc
 Current directory is /zhome/7e/0/202573/hawc2sims
 Continue on no convergence = true
 Creating file folder log/
Creating file folder notilt
Folder creation: "notilt" finished with with status:  1
Created folder: './log/notilt/group1_redesign_steady_notilt_16.0.log'
 Logfile: ./log/notilt/group1_redesign_steady_notilt_16.0.log
