Tue Nov  5 14:29:29 CET 2024
whoami
s233011
hostname -I
10.66.11.63 169.254.95.120 10.66.81.63 fd23:711a:2e3c:49e5:1e34:da03:7e:e5f6 
running task 22/240...
running HAWC2 on htc_turb/tca/Group1_redesign_turb_tca_19.0_56155.htc...
 ***********************************************************************
 *  Build information for HAWC2MB
 *  Aeroelastic tool HAWC2MB
 *  Intel, version         2021 ,     20210228
 *  Linux
 ***********************************************************************
 *  GIT-TAG        = 13.0.8
 *  GIT-BRANCH     = 
 *  BUILD_TYPE     = Linux64 RELEASE
 *  BUILDER        = gitlab-runner
 *  COMPUTER_NAME  = runner-ekfmjxy-project-399-concurrent-1
 *  BUILD_DATE     = 2023-11-28
 ***********************************************************************
done
runtime: 1 seconds

------------------------------------------------------------
Sender: LSF System <lsfadmin@hpc.dtu.dk>
Subject: Job 23064310[22]: <hawc2[1-240]%100> in cluster <dcc> Done

Job <hawc2[1-240]%100> was submitted from host <gbarlogin1> by user <s233011> in cluster <dcc> at Tue Nov  5 14:29:27 2024
Job was executed on host(s) <n-62-11-63>, in queue <hpc>, as user <s233011> in cluster <dcc> at Tue Nov  5 14:29:28 2024
</zhome/2c/f/203069> was used as the home directory.
</zhome/2c/f/203069/hawc2sims> was used as the working directory.
Started at Tue Nov  5 14:29:28 2024
Terminated at Tue Nov  5 14:29:30 2024
Results reported at Tue Nov  5 14:29:30 2024

Your job looked like:

------------------------------------------------------------
# LSBATCH: User input
#!/bin/sh
#
#BSUB -J hawc2[1-240]%100
#BSUB -q hpc 
#BSUB -n 1
#BSUB -W 01:00
#BSUB -R "span[hosts=1]"
#BSUB -R "rusage[mem=2GB]"
#BSUB -u s233011@dtu.dk
##BSUB -B
##BSUB -N
#BSUB -o lsf_log/hawc2_output_%J_%I.out
#BSUB -e lsf_log/hawc2_error_%J_%I.err 


date
START_TIME=`date +%s`
echo whoami
whoami
echo hostname -I
hostname -I

echo "running task $LSB_JOBINDEX/240..."


# Read the list of htc files to run and store them in a bash array named FILE_LIST
readarray -t FILE_LIST < to_run.txt

# Get the htc filename for this job
FILE_NAME=${FILE_LIST[$LSB_JOBINDEX - 1]}

# Run HAWC2
echo "running HAWC2 on $FILE_NAME..."
module load hawc2
HAWC2MB.exe "$FILE_NAME"


END_TIME=`date +%s`
echo done
echo "runtime: $(($END_TIME-$START_TIME)) seconds"
------------------------------------------------------------

Successfully completed.

Resource usage summary:

    CPU time :                                   1.34 sec.
    Max Memory :                                 4 MB
    Average Memory :                             4.00 MB
    Total Requested Memory :                     2048.00 MB
    Delta Memory :                               2044.00 MB
    Max Swap :                                   -
    Max Processes :                              1
    Max Threads :                                2
    Run time :                                   17 sec.
    Turnaround time :                            3 sec.

The output (if any) is above this job summary.



PS:

Read file <lsf_log/hawc2_error_23064310_22.err> for stderr output of this job.

