 Logfile: ./log/group1_redesign_hawc2s_step_c4.log is open for log outputs
 ***********************************************************************
 *  Build information for HAWC2MB
 *  Aeroelastic tool HAWC2MB
 *  Intel, version         2021 ,     20201112
 *  WINDOWS 64-bit
 ***********************************************************************
 *  GIT-TAG        = 13.1.3
 *  GIT-BRANCH     = 
 *  BUILD_TYPE     = Windows64 RELEASE
 *  BUILDER        = ContainerAdministrator
 *  COMPUTER_NAME  = RUNNER-UYZRLEJ3
 *  BUILD_DATE     = Wed 07/17/2024
 ***********************************************************************
________________________________________________________________________
  Log file output
                                                       Time : 17:33:40
                                                       Date : 23:10.2024
________________________________________________________________________
 Newmark commands read with succes
 Simulation commands read with succes
 Reading data of main body : tower
 Succes opening ./data/DTU_10MW_RWT_Tower_st.dat
 timoschenko input commands read with succes
 topologi_c2def_inputs read with succes
 Topologi main body tower commands read with succes
 Reading data of main body : towertop
 Succes opening ./data/DTU_10MW_RWT_Towertop_st.dat
 timoschenko input commands read with succes
 topologi_c2def_inputs read with succes
 Topologi main body towertop commands read with succes
 Reading data of main body : shaft
 Succes opening ./data/DTU_10MW_RWT_Shaft_st.dat
 timoschenko input commands read with succes
 topologi_c2def_inputs read with succes
 Topologi main body shaft commands read with succes
 Reading data of main body : hub1
 Succes opening ./data/DTU_10MW_RWT_Hub_st.dat
 timoschenko input commands read with succes
 topologi_c2def_inputs read with succes
 Topologi main body hub1 commands read with succes
 Reading data of main body : hub2
 Topologi main body hub2 commands read with succes
 Reading data of main body : hub3
 Topologi main body hub3 commands read with succes
 Reading data of main body : blade1
 Succes opening ./data/Group1_RWT_Blade_st.dat
 timoschenko input commands read with succes
 topologi_c2def_inputs read with succes
 Topologi main body blade1 commands read with succes
 Reading data of main body : blade2
 Topologi main body blade2 commands read with succes
 Reading data of main body : blade3
 Topologi main body blade3 commands read with succes
 Base orientation input commands read with succes
 relative orientation input commands read with succes
 relative orientation input commands read with succes
 relative orientation input commands read with succes
 relative orientation input commands read with succes
 relative orientation input commands read with succes
 relative orientation input commands read with succes
 relative orientation input commands read with succes
 relative orientation input commands read with succes
 Orientation input commands read with succes
 Fix0 constraint input commands read with succes
 Fix1 constraint input commands read with succes
 Bearing1 constraint input commands read with succes
 Fix1 constraint input commands read with succes
 Fix1 constraint input commands read with succes
 Fix1 constraint input commands read with succes
 bearing2 constraint input commands read with succes
 bearing2 constraint input commands read with succes
 bearing2 constraint input commands read with succes
 constraint input commands read with succes
 Topologi commands read with succes
 Tower shadow (potential2 flow) commands read with succes
 Wind commands read with succes
 aerodrag element commands read with succes
 aerodrag element commands read with succes
 Aerodrag commands read with succes
 Aerodynamic commands read with succes
 output commands read with succes
 Output commands read
 Dll type2 input commands read with succes
 output commands read with succes
 Output commands read
 Actions commands read
 Dll type2 input commands read with succes
 output commands read with succes
 Output commands read
 Actions commands read
 Dll type2 input commands read with succes
 output commands read with succes
 Output commands read
 Actions commands read
 Dll type2 input commands read with succes
 output commands read with succes
 Output commands read
 Dll type2 input commands read with succes
 DLL commands read with succes
 output commands read with succes
 Output commands read
 Initialization of structure
 Initializing of aero rotor...
 Initialization of rotor aerodynamics
 Succes opening ./data/DTU_10MW_RWT_ae.dat
 Succes opening ./data/DTU_10MW_RWT_pc.dat
 Initialization of rotor induction
 Initialization of wind
 Initialization of external type2 DLL
 External DLL ./control/dtu_we_controller_64.dll is attempted to open
DLL loaded with success C:\Users\mathe\OneDrive - Centrale Lille\Documents\Scolarship\_46320 Loads, Aerodynamics and Control of Wind Turbines\Assignments\LAC_repo\assignment_03\our_design/./control/dtu_we_controller_64.dll
Symbol not found in dll: get_version
Using C:\Users\mathe\OneDrive - Centrale Lille\Documents\Scolarship\_46320 Loads, Aerodynamics and Control of Wind Turbines\Assignments\LAC_repo\assignment_03\our_design/./control/dtu_we_controller_64.dll, version: unknown
 DLL subroutine init init_regulation_advanced is called
 In initialization call of ./control/dtu_we_controller_64.dll Output is 
  0.000000000000000E+000
*** WARNING *** Symbol not found in dll: message
 *** INFO *** The DLL subroutine message could not be loaded - bypassed!
 Initialization of external type2 DLL
 External DLL ./control/generator_servo_64.dll is attempted to open
DLL loaded with success C:\Users\mathe\OneDrive - Centrale Lille\Documents\Scolarship\_46320 Loads, Aerodynamics and Control of Wind Turbines\Assignments\LAC_repo\assignment_03\our_design/./control/generator_servo_64.dll
Symbol not found in dll: get_version
Using C:\Users\mathe\OneDrive - Centrale Lille\Documents\Scolarship\_46320 Loads, Aerodynamics and Control of Wind Turbines\Assignments\LAC_repo\assignment_03\our_design/./control/generator_servo_64.dll, version: unknown
 DLL subroutine init init_generator_servo is called
 In initialization call of ./control/generator_servo_64.dll Output is 
  0.000000000000000E+000
*** WARNING *** Symbol not found in dll: message
 *** INFO *** The DLL subroutine message could not be loaded - bypassed!
 Initialization of external type2 DLL
 External DLL ./control/mech_brake_64.dll is attempted to open
DLL loaded with success C:\Users\mathe\OneDrive - Centrale Lille\Documents\Scolarship\_46320 Loads, Aerodynamics and Control of Wind Turbines\Assignments\LAC_repo\assignment_03\our_design/./control/mech_brake_64.dll
Using C:\Users\mathe\OneDrive - Centrale Lille\Documents\Scolarship\_46320 Loads, Aerodynamics and Control of Wind Turbines\Assignments\LAC_repo\assignment_03\our_design/./control/mech_brake_64.dll, version: 0.2
 DLL subroutine init init_mech_brake is called
 In initialization call of ./control/mech_brake_64.dll Output is 
  0.000000000000000E+000
*** WARNING *** Symbol not found in dll: message
 *** INFO *** The DLL subroutine message could not be loaded - bypassed!
 Initialization of external type2 DLL
 External DLL ./control/servo_with_limits_64.dll is attempted to open
DLL loaded with success C:\Users\mathe\OneDrive - Centrale Lille\Documents\Scolarship\_46320 Loads, Aerodynamics and Control of Wind Turbines\Assignments\LAC_repo\assignment_03\our_design/./control/servo_with_limits_64.dll
Using C:\Users\mathe\OneDrive - Centrale Lille\Documents\Scolarship\_46320 Loads, Aerodynamics and Control of Wind Turbines\Assignments\LAC_repo\assignment_03\our_design/./control/servo_with_limits_64.dll, version: 1.2
 DLL subroutine init init_servo_with_limits is called
 In initialization call of ./control/servo_with_limits_64.dll Output is 
  0.000000000000000E+000
*** WARNING *** Symbol not found in dll: message
 *** INFO *** The DLL subroutine message could not be loaded - bypassed!
 Initialization of external type2 DLL
 External DLL ./control/towerclearance_mblade_64.dll is attempted to open
DLL loaded with success C:\Users\mathe\OneDrive - Centrale Lille\Documents\Scolarship\_46320 Loads, Aerodynamics and Control of Wind Turbines\Assignments\LAC_repo\assignment_03\our_design/./control/towerclearance_mblade_64.dll
Using C:\Users\mathe\OneDrive - Centrale Lille\Documents\Scolarship\_46320 Loads, Aerodynamics and Control of Wind Turbines\Assignments\LAC_repo\assignment_03\our_design/./control/towerclearance_mblade_64.dll, version: 1.0.1-1-g8e11be3
 DLL subroutine init initialize is called
 In initialization call of ./control/towerclearance_mblade_64.dll Output is 
  0.000000000000000E+000
*** WARNING *** Symbol not found in dll: message
 *** INFO *** The DLL subroutine message could not be loaded - bypassed!
 Creating link between structure and aerodynamics
 Creating link between structure and aerodrag
 Initialization of Aerodrag
 Starting simulation
Constraint residual is .6568E-13 < .10E-06. Max residual in constraint 34
Dynamic stall method:  2  used for entire rotor
   ... initialization of unified dynamic stall model.
   ... Unified dynamic stall model time constants
   ... Attached flow A1 =   0.165000, A2 =   0.335000, A3 =   0.000000
   ... Attached flow B1 =   0.045500, B2 =   0.300000, B3 =   0.300000
   ... Stalled flow taupre =   1.500000,  taubly =   6.000000
DS model deactivated: blade  1 at 0mm. Max f_sep=  0.00, dclda=  0.00, thickness=100.00. See manual to change limit values
DS model deactivated: blade  1 at 92mm. Max f_sep=  4.24, dclda=  0.00, thickness= 99.98. See manual to change limit values
DS model deactivated: blade  1 at 368mm. Max f_sep=  4.24, dclda=  0.00, thickness= 99.93. See manual to change limit values
DS model deactivated: blade  1 at 828mm. Max f_sep=  4.24, dclda=  0.00, thickness= 99.85. See manual to change limit values
DS model deactivated: blade  1 at 1469mm. Max f_sep=  4.24, dclda=  0.00, thickness= 99.73. See manual to change limit values
DS model deactivated: blade  1 at 2288mm. Max f_sep=  4.24, dclda=  0.00, thickness= 99.59. See manual to change limit values
DS model deactivated: blade  1 at 3282mm. Max f_sep=  4.24, dclda=  0.00, thickness= 98.92. See manual to change limit values
DS model deactivated: blade  1 at 4448mm. Max f_sep=  4.24, dclda=  0.01, thickness= 98.13. See manual to change limit values
DS model deactivated: blade  1 at 5780mm. Max f_sep=  4.24, dclda=  0.01, thickness= 96.87. See manual to change limit values
DS model deactivated: blade  1 at 7273mm. Max f_sep=  4.24, dclda=  0.02, thickness= 95.07. See manual to change limit values
DS model deactivated: blade  1 at 8920mm. Max f_sep=  4.24, dclda=  0.04, thickness= 91.96. See manual to change limit values
DS model deactivated: blade  1 at 10716mm. Max f_sep=  4.24, dclda=  0.05, thickness= 88.02. See manual to change limit values
DS model deactivated: blade  1 at 12652mm. Max f_sep=  4.24, dclda=  0.08, thickness= 83.27. See manual to change limit values
DS model deactivated: blade  1 at 14720mm. Max f_sep=  4.24, dclda=  0.10, thickness= 77.64. See manual to change limit values
DS model deactivated: blade  1 at 16913mm. Max f_sep=  4.24, dclda=  0.13, thickness= 71.13. See manual to change limit values
DS model deactivated: blade  1 at 19221mm. Max f_sep=  4.24, dclda=  0.17, thickness= 63.85. See manual to change limit values
DS model deactivated: blade  1 at 21634mm. Max f_sep=  1.12, dclda=  2.42, thickness= 56.28. See manual to change limit values
DS model deactivated: blade  1 at 24143mm. Max f_sep=  1.11, dclda=  2.90, thickness= 49.35. See manual to change limit values
DS model deactivated: blade  2 at 0mm. Max f_sep=  0.00, dclda=  0.00, thickness=100.00. See manual to change limit values
DS model deactivated: blade  2 at 92mm. Max f_sep=  4.24, dclda=  0.00, thickness= 99.98. See manual to change limit values
DS model deactivated: blade  2 at 368mm. Max f_sep=  4.24, dclda=  0.00, thickness= 99.93. See manual to change limit values
DS model deactivated: blade  2 at 828mm. Max f_sep=  4.24, dclda=  0.00, thickness= 99.85. See manual to change limit values
DS model deactivated: blade  2 at 1469mm. Max f_sep=  4.24, dclda=  0.00, thickness= 99.73. See manual to change limit values
DS model deactivated: blade  2 at 2288mm. Max f_sep=  4.24, dclda=  0.00, thickness= 99.59. See manual to change limit values
DS model deactivated: blade  2 at 3282mm. Max f_sep=  4.24, dclda=  0.00, thickness= 98.92. See manual to change limit values
DS model deactivated: blade  2 at 4448mm. Max f_sep=  4.24, dclda=  0.01, thickness= 98.13. See manual to change limit values
DS model deactivated: blade  2 at 5780mm. Max f_sep=  4.24, dclda=  0.01, thickness= 96.87. See manual to change limit values
DS model deactivated: blade  2 at 7273mm. Max f_sep=  4.24, dclda=  0.02, thickness= 95.07. See manual to change limit values
DS model deactivated: blade  2 at 8920mm. Max f_sep=  4.24, dclda=  0.04, thickness= 91.96. See manual to change limit values
DS model deactivated: blade  2 at 10716mm. Max f_sep=  4.24, dclda=  0.05, thickness= 88.02. See manual to change limit values
DS model deactivated: blade  2 at 12652mm. Max f_sep=  4.24, dclda=  0.08, thickness= 83.27. See manual to change limit values
DS model deactivated: blade  2 at 14720mm. Max f_sep=  4.24, dclda=  0.10, thickness= 77.64. See manual to change limit values
DS model deactivated: blade  2 at 16913mm. Max f_sep=  4.24, dclda=  0.13, thickness= 71.13. See manual to change limit values
DS model deactivated: blade  2 at 19221mm. Max f_sep=  4.24, dclda=  0.17, thickness= 63.85. See manual to change limit values
DS model deactivated: blade  2 at 21634mm. Max f_sep=  1.12, dclda=  2.42, thickness= 56.28. See manual to change limit values
DS model deactivated: blade  2 at 24143mm. Max f_sep=  1.11, dclda=  2.90, thickness= 49.35. See manual to change limit values
DS model deactivated: blade  3 at 0mm. Max f_sep=  0.00, dclda=  0.00, thickness=100.00. See manual to change limit values
DS model deactivated: blade  3 at 92mm. Max f_sep=  4.24, dclda=  0.00, thickness= 99.98. See manual to change limit values
DS model deactivated: blade  3 at 368mm. Max f_sep=  4.24, dclda=  0.00, thickness= 99.93. See manual to change limit values
DS model deactivated: blade  3 at 828mm. Max f_sep=  4.24, dclda=  0.00, thickness= 99.85. See manual to change limit values
DS model deactivated: blade  3 at 1469mm. Max f_sep=  4.24, dclda=  0.00, thickness= 99.73. See manual to change limit values
DS model deactivated: blade  3 at 2288mm. Max f_sep=  4.24, dclda=  0.00, thickness= 99.59. See manual to change limit values
DS model deactivated: blade  3 at 3282mm. Max f_sep=  4.24, dclda=  0.00, thickness= 98.92. See manual to change limit values
DS model deactivated: blade  3 at 4448mm. Max f_sep=  4.24, dclda=  0.01, thickness= 98.13. See manual to change limit values
DS model deactivated: blade  3 at 5780mm. Max f_sep=  4.24, dclda=  0.01, thickness= 96.87. See manual to change limit values
DS model deactivated: blade  3 at 7273mm. Max f_sep=  4.24, dclda=  0.02, thickness= 95.07. See manual to change limit values
DS model deactivated: blade  3 at 8920mm. Max f_sep=  4.24, dclda=  0.04, thickness= 91.96. See manual to change limit values
DS model deactivated: blade  3 at 10716mm. Max f_sep=  4.24, dclda=  0.05, thickness= 88.02. See manual to change limit values
DS model deactivated: blade  3 at 12652mm. Max f_sep=  4.24, dclda=  0.08, thickness= 83.27. See manual to change limit values
DS model deactivated: blade  3 at 14720mm. Max f_sep=  4.24, dclda=  0.10, thickness= 77.64. See manual to change limit values
DS model deactivated: blade  3 at 16913mm. Max f_sep=  4.24, dclda=  0.13, thickness= 71.13. See manual to change limit values
DS model deactivated: blade  3 at 19221mm. Max f_sep=  4.24, dclda=  0.17, thickness= 63.85. See manual to change limit values
DS model deactivated: blade  3 at 21634mm. Max f_sep=  1.12, dclda=  2.42, thickness= 56.28. See manual to change limit values
DS model deactivated: blade  3 at 24143mm. Max f_sep=  1.11, dclda=  2.90, thickness= 49.35. See manual to change limit values
 Global time =   1.000000000000000E-002  Iter =            1
 Global time =   2.000000000000000E-002  Iter =            1
 Global time =   3.000000000000000E-002  Iter =            1
 Global time =   4.000000000000000E-002  Iter =            1
 Global time =   5.000000000000000E-002  Iter =            1
 Global time =   6.000000000000000E-002  Iter =            1
 Global time =   7.000000000000001E-002  Iter =            2
 Global time =   8.000000000000000E-002  Iter =            2
 Global time =   9.000000000000000E-002  Iter =            2
 Global time =   0.100000000000000       Iter =            2
 Global time =   0.110000000000000       Iter =            2
 Global time =   0.120000000000000       Iter =            2
 Global time =   0.130000000000000       Iter =            2
 Global time =   0.140000000000000       Iter =            2
 Global time =   0.150000000000000       Iter =            2
 Global time =   0.160000000000000       Iter =            2
 Global time =   0.170000000000000       Iter =            2
 Global time =   0.180000000000000       Iter =            2
 Global time =   0.190000000000000       Iter =            2
 Global time =   0.200000000000000       Iter =            2
 Global time =   0.210000000000000       Iter =            2
 Global time =   0.220000000000000       Iter =            2
 Global time =   0.230000000000000       Iter =            2
 Global time =   0.240000000000000       Iter =            2
 Global time =   0.250000000000000       Iter =            2
 Global time =   0.260000000000000       Iter =            2
 Global time =   0.270000000000000       Iter =            2
 Global time =   0.280000000000000       Iter =            2
 Global time =   0.290000000000000       Iter =            2
 Global time =   0.300000000000000       Iter =            2
 Global time =   0.310000000000000       Iter =            2
 Global time =   0.320000000000000       Iter =            2
 Global time =   0.330000000000000       Iter =            2
 Global time =   0.340000000000000       Iter =            2
 Global time =   0.350000000000000       Iter =            2
 Global time =   0.360000000000000       Iter =            2
 Global time =   0.370000000000000       Iter =            2
 Global time =   0.380000000000000       Iter =            2
 Global time =   0.390000000000000       Iter =            2
 Global time =   0.400000000000000       Iter =            2
 Global time =   0.410000000000000       Iter =            2
 Global time =   0.420000000000000       Iter =            2
 Global time =   0.430000000000000       Iter =            2
 Global time =   0.440000000000000       Iter =            2
 Global time =   0.450000000000000       Iter =            2
 Global time =   0.460000000000000       Iter =            2
 Global time =   0.470000000000000       Iter =            2
 Global time =   0.480000000000000       Iter =            2
 Global time =   0.490000000000000       Iter =            2
 Global time =   0.500000000000000       Iter =            2
 Global time =   0.510000000000000       Iter =            2
 Global time =   0.520000000000000       Iter =            2
 Global time =   0.530000000000000       Iter =            2
 Global time =   0.540000000000000       Iter =            2
 Global time =   0.550000000000000       Iter =            2
 Global time =   0.560000000000000       Iter =            2
 Global time =   0.570000000000000       Iter =            2
 Global time =   0.580000000000000       Iter =            2
 Global time =   0.590000000000000       Iter =            2
 Global time =   0.600000000000000       Iter =            2
 Global time =   0.610000000000000       Iter =            2
 Global time =   0.620000000000000       Iter =            2
 Global time =   0.630000000000000       Iter =            2
 Global time =   0.640000000000000       Iter =            2
 Global time =   0.650000000000000       Iter =            2
 Global time =   0.660000000000000       Iter =            2
 Global time =   0.670000000000000       Iter =            2
 Global time =   0.680000000000000       Iter =            2
 Global time =   0.690000000000000       Iter =            2
 Global time =   0.700000000000000       Iter =            2
 Global time =   0.710000000000000       Iter =            2
 Global time =   0.720000000000000       Iter =            2
 Global time =   0.730000000000000       Iter =            2
 Global time =   0.740000000000000       Iter =            2
 Global time =   0.750000000000000       Iter =            2
 Global time =   0.760000000000000       Iter =            2
 Global time =   0.770000000000000       Iter =            2
 Global time =   0.780000000000000       Iter =            2
 Global time =   0.790000000000000       Iter =            2
 Global time =   0.800000000000000       Iter =            2
 Global time =   0.810000000000000       Iter =            2
 Global time =   0.820000000000000       Iter =            2
 Global time =   0.830000000000000       Iter =            2
 Global time =   0.840000000000000       Iter =            2
 Global time =   0.850000000000000       Iter =            2
 Global time =   0.860000000000000       Iter =            2
 Global time =   0.870000000000000       Iter =            2
 Global time =   0.880000000000000       Iter =            2
 Global time =   0.890000000000000       Iter =            2
 Global time =   0.900000000000000       Iter =            2
 Global time =   0.910000000000000       Iter =            2
 Global time =   0.920000000000000       Iter =            2
 Global time =   0.930000000000000       Iter =            2
 Global time =   0.940000000000000       Iter =            2
 Global time =   0.950000000000000       Iter =            2
 Global time =   0.960000000000000       Iter =            2
 Global time =   0.970000000000000       Iter =            2
 Global time =   0.980000000000000       Iter =            2
 Global time =   0.990000000000000       Iter =            2
 Global time =    1.00000000000000       Iter =            2
 Global time =    1.01000000000000       Iter =            2
 Global time =    1.02000000000000       Iter =            1
 Global time =    1.03000000000000       Iter =            2
 Global time =    1.04000000000000       Iter =            2
 Global time =    1.05000000000000       Iter =            2
 Global time =    1.06000000000000       Iter =            2
 Global time =    1.07000000000000       Iter =            2
 Global time =    1.08000000000000       Iter =            2
 Global time =    1.09000000000000       Iter =            2
 Global time =    1.10000000000000       Iter =            2
 Global time =    1.11000000000000       Iter =            1
 Global time =    1.12000000000000       Iter =            2
 Global time =    1.13000000000000       Iter =            2
 Global time =    1.14000000000000       Iter =            2
 Global time =    1.15000000000000       Iter =            2
 Global time =    1.16000000000000       Iter =            2
 Global time =    1.17000000000000       Iter =            2
 Global time =    1.18000000000000       Iter =            2
 Global time =    1.19000000000000       Iter =            2
 Global time =    1.20000000000000       Iter =            2
 Global time =    1.21000000000000       Iter =            2
 Global time =    1.22000000000000       Iter =            2
 Global time =    1.23000000000000       Iter =            2
 Global time =    1.24000000000000       Iter =            2
 Global time =    1.25000000000000       Iter =            1
 Global time =    1.26000000000000       Iter =            1
 Global time =    1.27000000000000       Iter =            1
 Global time =    1.28000000000000       Iter =            2
 Global time =    1.29000000000000       Iter =            2
 Global time =    1.30000000000000       Iter =            2
 Global time =    1.31000000000000       Iter =            2
 Global time =    1.32000000000000       Iter =            2
 Global time =    1.33000000000000       Iter =            2
 Global time =    1.34000000000000       Iter =            1
 Global time =    1.35000000000000       Iter =            1
 Global time =    1.36000000000000       Iter =            2
 Global time =    1.37000000000000       Iter =            2
 Global time =    1.38000000000000       Iter =            2
 Global time =    1.39000000000000       Iter =            2
 Global time =    1.40000000000000       Iter =            2
 Global time =    1.41000000000000       Iter =            1
 Global time =    1.42000000000000       Iter =            1
 Global time =    1.43000000000000       Iter =            1
 Global time =    1.44000000000000       Iter =            1
 Global time =    1.45000000000000       Iter =            2
 Global time =    1.46000000000000       Iter =            2
 Global time =    1.47000000000000       Iter =            2
 Global time =    1.48000000000000       Iter =            1
 Global time =    1.49000000000000       Iter =            1
 Global time =    1.50000000000000       Iter =            1
 Global time =    1.51000000000000       Iter =            2
 Global time =    1.52000000000000       Iter =            2
 Global time =    1.53000000000000       Iter =            2
 Global time =    1.54000000000000       Iter =            2
 Global time =    1.55000000000000       Iter =            2
 Global time =    1.56000000000000       Iter =            2
 Global time =    1.57000000000000       Iter =            2
 Global time =    1.58000000000000       Iter =            1
 Global time =    1.59000000000000       Iter =            2
 Global time =    1.60000000000000       Iter =            2
 Global time =    1.61000000000000       Iter =            2
 Global time =    1.62000000000000       Iter =            2
 Global time =    1.63000000000000       Iter =            2
 Global time =    1.64000000000000       Iter =            2
 Global time =    1.65000000000000       Iter =            2
 Global time =    1.66000000000000       Iter =            1
 Global time =    1.67000000000000       Iter =            1
 Global time =    1.68000000000000       Iter =            2
 Global time =    1.69000000000000       Iter =            2
 Global time =    1.70000000000000       Iter =            2
 Global time =    1.71000000000000       Iter =            2
 Global time =    1.72000000000000       Iter =            2
 Global time =    1.73000000000000       Iter =            2
 Global time =    1.74000000000000       Iter =            2
 Global time =    1.75000000000000       Iter =            2
 Global time =    1.76000000000000       Iter =            2
 Global time =    1.77000000000000       Iter =            2
 Global time =    1.78000000000000       Iter =            2
 Global time =    1.79000000000000       Iter =            2
 Global time =    1.80000000000000       Iter =            2
 Global time =    1.81000000000000       Iter =            1
 Global time =    1.82000000000000       Iter =            1
 Global time =    1.83000000000000       Iter =            1
 Global time =    1.84000000000000       Iter =            2
 Global time =    1.85000000000000       Iter =            2
 Global time =    1.86000000000000       Iter =            2
 Global time =    1.87000000000000       Iter =            2
 Global time =    1.88000000000000       Iter =            2
 Global time =    1.89000000000000       Iter =            1
 Global time =    1.90000000000000       Iter =            1
 Global time =    1.91000000000000       Iter =            2
 Global time =    1.92000000000000       Iter =            2
 Global time =    1.93000000000000       Iter =            2
 Global time =    1.94000000000000       Iter =            2
 Global time =    1.95000000000000       Iter =            2
 Global time =    1.96000000000000       Iter =            2
 Global time =    1.97000000000000       Iter =            1
 Global time =    1.98000000000000       Iter =            1
 Global time =    1.99000000000000       Iter =            1
 Global time =    2.00000000000000       Iter =            2
 Global time =    2.01000000000000       Iter =            2
 Global time =    2.02000000000000       Iter =            2
 Global time =    2.03000000000000       Iter =            2
 Global time =    2.04000000000000       Iter =            1
 Global time =    2.05000000000000       Iter =            1
 Global time =    2.06000000000000       Iter =            1
 Global time =    2.07000000000000       Iter =            2
 Global time =    2.08000000000000       Iter =            2
 Global time =    2.09000000000000       Iter =            2
 Global time =    2.10000000000000       Iter =            2
 Global time =    2.11000000000000       Iter =            2
 Global time =    2.12000000000000       Iter =            1
 Global time =    2.13000000000000       Iter =            1
 Global time =    2.14000000000000       Iter =            1
 Global time =    2.15000000000000       Iter =            2
 Global time =    2.16000000000000       Iter =            2
 Global time =    2.17000000000000       Iter =            2
 Global time =    2.18000000000000       Iter =            2
 Global time =    2.19000000000000       Iter =            2
 Global time =    2.20000000000000       Iter =            1
 Global time =    2.21000000000000       Iter =            1
 Global time =    2.22000000000000       Iter =            1
 Global time =    2.23000000000000       Iter =            1
 Global time =    2.24000000000000       Iter =            2
 Global time =    2.25000000000000       Iter =            2
 Global time =    2.26000000000000       Iter =            2
 Global time =    2.27000000000000       Iter =            2
 Global time =    2.28000000000000       Iter =            1
 Global time =    2.29000000000000       Iter =            1
 Global time =    2.30000000000000       Iter =            1
 Global time =    2.31000000000000       Iter =            1
 Global time =    2.32000000000000       Iter =            2
 Global time =    2.33000000000000       Iter =            2
 Global time =    2.34000000000000       Iter =            2
 Global time =    2.35000000000000       Iter =            1
 Global time =    2.36000000000000       Iter =            1
 Global time =    2.37000000000000       Iter =            1
 Global time =    2.38000000000000       Iter =            1
 Global time =    2.39000000000000       Iter =            1
 Global time =    2.40000000000000       Iter =            2
 Global time =    2.41000000000000       Iter =            2
 Global time =    2.42000000000000       Iter =            2
 Global time =    2.43000000000000       Iter =            1
 Global time =    2.44000000000000       Iter =            1
 Global time =    2.45000000000000       Iter =            1
 Global time =    2.46000000000000       Iter =            1
 Global time =    2.47000000000000       Iter =            1
 Global time =    2.48000000000000       Iter =            1
 Global time =    2.49000000000000       Iter =            1
 Global time =    2.50000000000000       Iter =            1
 Global time =    2.51000000000000       Iter =            1
 Global time =    2.52000000000000       Iter =            1
 Global time =    2.53000000000000       Iter =            1
 Global time =    2.54000000000000       Iter =            1
 Global time =    2.55000000000000       Iter =            1
 Global time =    2.56000000000000       Iter =            1
 Global time =    2.57000000000000       Iter =            1
 Global time =    2.58000000000000       Iter =            1
 Global time =    2.59000000000000       Iter =            1
 Global time =    2.60000000000000       Iter =            1
 Global time =    2.61000000000000       Iter =            1
 Global time =    2.62000000000000       Iter =            1
 Global time =    2.63000000000000       Iter =            1
 Global time =    2.64000000000000       Iter =            1
 Global time =    2.65000000000000       Iter =            1
 Global time =    2.66000000000000       Iter =            1
 Global time =    2.67000000000000       Iter =            1
 Global time =    2.68000000000000       Iter =            1
 Global time =    2.69000000000000       Iter =            1
 Global time =    2.70000000000000       Iter =            1
 Global time =    2.71000000000000       Iter =            1
 Global time =    2.72000000000000       Iter =            1
 Global time =    2.73000000000000       Iter =            1
 Global time =    2.74000000000000       Iter =            1
 Global time =    2.75000000000000       Iter =            1
 Global time =    2.76000000000000       Iter =            1
 Global time =    2.77000000000000       Iter =            1
 Global time =    2.78000000000000       Iter =            1
 Global time =    2.79000000000000       Iter =            1
 Global time =    2.80000000000000       Iter =            1
 Global time =    2.81000000000000       Iter =            1
 Global time =    2.82000000000000       Iter =            1
 Global time =    2.83000000000000       Iter =            1
 Global time =    2.84000000000000       Iter =            1
 Global time =    2.85000000000000       Iter =            1
 Global time =    2.86000000000000       Iter =            1
 Global time =    2.87000000000000       Iter =            1
 Global time =    2.88000000000000       Iter =            1
 Global time =    2.89000000000000       Iter =            1
 Global time =    2.90000000000000       Iter =            1
 Global time =    2.91000000000000       Iter =            1
 Global time =    2.92000000000000       Iter =            1
 Global time =    2.93000000000000       Iter =            1
 Global time =    2.94000000000000       Iter =            1
 Global time =    2.95000000000000       Iter =            1
 Global time =    2.96000000000000       Iter =            2
 Global time =    2.97000000000000       Iter =            2
 Global time =    2.98000000000000       Iter =            1
 Global time =    2.99000000000000       Iter =            1
 Global time =    3.00000000000000       Iter =            1
 Global time =    3.01000000000000       Iter =            1
 Global time =    3.02000000000000       Iter =            1
 Global time =    3.03000000000000       Iter =            1
 Global time =    3.04000000000000       Iter =            2
 Global time =    3.05000000000000       Iter =            2
 Global time =    3.06000000000000       Iter =            1
 Global time =    3.07000000000000       Iter =            1
 Global time =    3.08000000000000       Iter =            1
 Global time =    3.09000000000000       Iter =            1
 Global time =    3.10000000000000       Iter =            1
 Global time =    3.11000000000000       Iter =            1
 Global time =    3.12000000000000       Iter =            1
 Global time =    3.13000000000000       Iter =            1
 Global time =    3.14000000000000       Iter =            1
 Global time =    3.15000000000000       Iter =            1
 Global time =    3.16000000000000       Iter =            1
 Global time =    3.17000000000000       Iter =            1
 Global time =    3.18000000000000       Iter =            1
 Global time =    3.19000000000000       Iter =            1
 Global time =    3.20000000000000       Iter =            2
 Global time =    3.21000000000000       Iter =            1
 Global time =    3.22000000000000       Iter =            1
 Global time =    3.23000000000000       Iter =            1
 Global time =    3.24000000000000       Iter =            1
 Global time =    3.25000000000000       Iter =            1
 Global time =    3.26000000000000       Iter =            1
 Global time =    3.27000000000000       Iter =            1
 Global time =    3.28000000000000       Iter =            1
 Global time =    3.29000000000000       Iter =            1
 Global time =    3.30000000000000       Iter =            1
 Global time =    3.31000000000000       Iter =            1
 Global time =    3.32000000000000       Iter =            1
 Global time =    3.33000000000000       Iter =            1
 Global time =    3.34000000000000       Iter =            1
 Global time =    3.35000000000000       Iter =            1
 Global time =    3.36000000000000       Iter =            1
 Global time =    3.37000000000000       Iter =            1
 Global time =    3.38000000000000       Iter =            1
 Global time =    3.39000000000000       Iter =            1
 Global time =    3.40000000000000       Iter =            1
 Global time =    3.41000000000000       Iter =            1
 Global time =    3.42000000000000       Iter =            1
 Global time =    3.43000000000000       Iter =            1
 Global time =    3.44000000000000       Iter =            1
 Global time =    3.45000000000000       Iter =            1
 Global time =    3.46000000000000       Iter =            1
 Global time =    3.47000000000000       Iter =            1
 Global time =    3.48000000000000       Iter =            1
 Global time =    3.49000000000000       Iter =            1
 Global time =    3.50000000000000       Iter =            1
 Global time =    3.51000000000000       Iter =            1
 Global time =    3.52000000000000       Iter =            1
 Global time =    3.53000000000000       Iter =            1
 Global time =    3.54000000000000       Iter =            1
 Global time =    3.55000000000000       Iter =            1
 Global time =    3.56000000000000       Iter =            1
 Global time =    3.57000000000000       Iter =            1
 Global time =    3.58000000000000       Iter =            1
 Global time =    3.59000000000000       Iter =            1
 Global time =    3.60000000000000       Iter =            1
 Global time =    3.61000000000000       Iter =            1
 Global time =    3.62000000000000       Iter =            1
 Global time =    3.63000000000000       Iter =            1
 Global time =    3.64000000000000       Iter =            1
 Global time =    3.65000000000000       Iter =            1
 Global time =    3.66000000000000       Iter =            1
 Global time =    3.67000000000000       Iter =            1
 Global time =    3.68000000000000       Iter =            1
 Global time =    3.69000000000000       Iter =            1
 Global time =    3.70000000000000       Iter =            1
 Global time =    3.71000000000000       Iter =            1
 Global time =    3.72000000000000       Iter =            1
 Global time =    3.73000000000000       Iter =            1
 Global time =    3.74000000000000       Iter =            1
 Global time =    3.75000000000000       Iter =            1
 Global time =    3.76000000000000       Iter =            1
 Global time =    3.77000000000000       Iter =            1
 Global time =    3.78000000000000       Iter =            1
 Global time =    3.79000000000000       Iter =            1
 Global time =    3.80000000000000       Iter =            1
 Global time =    3.81000000000000       Iter =            1
 Global time =    3.82000000000000       Iter =            1
 Global time =    3.83000000000000       Iter =            1
 Global time =    3.84000000000000       Iter =            1
 Global time =    3.85000000000000       Iter =            1
 Global time =    3.86000000000000       Iter =            1
 Global time =    3.87000000000000       Iter =            1
 Global time =    3.88000000000000       Iter =            1
 Global time =    3.89000000000000       Iter =            1
 Global time =    3.90000000000000       Iter =            1
 Global time =    3.91000000000000       Iter =            1
 Global time =    3.92000000000000       Iter =            1
 Global time =    3.93000000000000       Iter =            1
 Global time =    3.94000000000000       Iter =            1
 Global time =    3.95000000000000       Iter =            1
 Global time =    3.96000000000000       Iter =            1
 Global time =    3.97000000000000       Iter =            1
 Global time =    3.98000000000000       Iter =            1
 Global time =    3.99000000000000       Iter =            1
 Global time =    4.00000000000000       Iter =            1
 Global time =    4.01000000000000       Iter =            1
 Global time =    4.02000000000000       Iter =            1
 Global time =    4.03000000000000       Iter =            1
 Global time =    4.04000000000000       Iter =            1
 Global time =    4.05000000000000       Iter =            1
 Global time =    4.06000000000000       Iter =            1
 Global time =    4.07000000000000       Iter =            1
 Global time =    4.08000000000000       Iter =            1
 Global time =    4.09000000000000       Iter =            1
 Global time =    4.10000000000000       Iter =            1
 Global time =    4.11000000000000       Iter =            1
 Global time =    4.12000000000000       Iter =            1
 Global time =    4.13000000000000       Iter =            1
 Global time =    4.14000000000000       Iter =            1
 Global time =    4.15000000000000       Iter =            1
 Global time =    4.16000000000000       Iter =            1
 Global time =    4.17000000000000       Iter =            1
 Global time =    4.18000000000000       Iter =            1
 Global time =    4.19000000000000       Iter =            1
 Global time =    4.20000000000000       Iter =            1
 Global time =    4.21000000000000       Iter =            1
 Global time =    4.22000000000000       Iter =            1
 Global time =    4.23000000000000       Iter =            1
 Global time =    4.24000000000000       Iter =            1
 Global time =    4.25000000000000       Iter =            1
 Global time =    4.26000000000000       Iter =            1
 Global time =    4.27000000000000       Iter =            1
 Global time =    4.28000000000000       Iter =            1
 Global time =    4.29000000000000       Iter =            1
 Global time =    4.30000000000000       Iter =            1
 Global time =    4.31000000000000       Iter =            1
 Global time =    4.32000000000000       Iter =            1
 Global time =    4.33000000000000       Iter =            1
 Global time =    4.34000000000000       Iter =            1
 Global time =    4.35000000000000       Iter =            1
 Global time =    4.36000000000000       Iter =            1
 Global time =    4.37000000000000       Iter =            1
 Global time =    4.38000000000000       Iter =            1
 Global time =    4.39000000000000       Iter =            1
 Global time =    4.40000000000000       Iter =            1
 Global time =    4.41000000000000       Iter =            1
 Global time =    4.42000000000000       Iter =            1
 Global time =    4.43000000000000       Iter =            1
 Global time =    4.44000000000000       Iter =            1
 Global time =    4.45000000000000       Iter =            1
 Global time =    4.46000000000000       Iter =            1
 Global time =    4.47000000000000       Iter =            1
 Global time =    4.48000000000000       Iter =            1
 Global time =    4.49000000000000       Iter =            1
 Global time =    4.50000000000000       Iter =            1
 Global time =    4.51000000000000       Iter =            1
 Global time =    4.52000000000000       Iter =            1
 Global time =    4.53000000000000       Iter =            1
 Global time =    4.54000000000000       Iter =            1
 Global time =    4.55000000000000       Iter =            1
 Global time =    4.56000000000000       Iter =            1
 Global time =    4.57000000000000       Iter =            1
 Global time =    4.58000000000000       Iter =            1
 Global time =    4.59000000000000       Iter =            1
 Global time =    4.60000000000000       Iter =            1
 Global time =    4.61000000000000       Iter =            1
 Global time =    4.62000000000000       Iter =            1
 Global time =    4.63000000000000       Iter =            1
 Global time =    4.64000000000000       Iter =            1
 Global time =    4.65000000000000       Iter =            1
 Global time =    4.66000000000000       Iter =            1
 Global time =    4.67000000000000       Iter =            1
 Global time =    4.68000000000000       Iter =            1
 Global time =    4.69000000000000       Iter =            1
 Global time =    4.70000000000000       Iter =            1
 Global time =    4.71000000000000       Iter =            1
 Global time =    4.72000000000000       Iter =            1
 Global time =    4.73000000000000       Iter =            1
 Global time =    4.74000000000000       Iter =            1
 Global time =    4.75000000000000       Iter =            1
 Global time =    4.76000000000000       Iter =            1
 Global time =    4.77000000000000       Iter =            1
 Global time =    4.78000000000000       Iter =            1
 Global time =    4.79000000000000       Iter =            1
 Global time =    4.80000000000000       Iter =            1
 Global time =    4.81000000000000       Iter =            1
 Global time =    4.82000000000000       Iter =            1
 Global time =    4.83000000000000       Iter =            1
 Global time =    4.84000000000000       Iter =            1
 Global time =    4.85000000000000       Iter =            1
 Global time =    4.86000000000000       Iter =            1
 Global time =    4.87000000000000       Iter =            1
 Global time =    4.88000000000000       Iter =            1
 Global time =    4.89000000000000       Iter =            1
 Global time =    4.90000000000000       Iter =            1
 Global time =    4.91000000000000       Iter =            1
 Global time =    4.92000000000000       Iter =            1
 Global time =    4.93000000000000       Iter =            1
 Global time =    4.94000000000000       Iter =            1
 Global time =    4.95000000000000       Iter =            1
 Global time =    4.96000000000000       Iter =            1
 Global time =    4.97000000000000       Iter =            1
 Global time =    4.98000000000000       Iter =            1
 Global time =    4.99000000000000       Iter =            1
 Global time =    5.00000000000000       Iter =            1
 Global time =    5.01000000000000       Iter =            1
 Global time =    5.02000000000000       Iter =            1
 Global time =    5.03000000000000       Iter =            1
 Global time =    5.04000000000000       Iter =            1
 Global time =    5.05000000000000       Iter =            1
 Global time =    5.06000000000000       Iter =            1
 Global time =    5.07000000000000       Iter =            1
 Global time =    5.08000000000000       Iter =            1
 Global time =    5.09000000000000       Iter =            1
 Global time =    5.10000000000000       Iter =            1
 Global time =    5.11000000000000       Iter =            1
 Global time =    5.12000000000000       Iter =            1
 Global time =    5.13000000000000       Iter =            1
 Global time =    5.14000000000000       Iter =            1
 Global time =    5.15000000000000       Iter =            1
 Global time =    5.16000000000000       Iter =            1
 Global time =    5.17000000000000       Iter =            1
 Global time =    5.18000000000000       Iter =            1
 Global time =    5.19000000000000       Iter =            1
 Global time =    5.20000000000000       Iter =            1
 Global time =    5.21000000000000       Iter =            1
 Global time =    5.22000000000000       Iter =            1
 Global time =    5.23000000000000       Iter =            1
 Global time =    5.24000000000000       Iter =            1
 Global time =    5.25000000000000       Iter =            1
 Global time =    5.26000000000000       Iter =            1
 Global time =    5.27000000000000       Iter =            1
 Global time =    5.28000000000000       Iter =            1
 Global time =    5.29000000000000       Iter =            1
 Global time =    5.30000000000000       Iter =            1
 Global time =    5.31000000000000       Iter =            1
 Global time =    5.32000000000000       Iter =            1
 Global time =    5.33000000000000       Iter =            1
 Global time =    5.34000000000000       Iter =            1
 Global time =    5.35000000000000       Iter =            1
 Global time =    5.36000000000000       Iter =            1
 Global time =    5.37000000000000       Iter =            1
 Global time =    5.38000000000000       Iter =            1
 Global time =    5.39000000000000       Iter =            1
 Global time =    5.40000000000000       Iter =            1
 Global time =    5.41000000000000       Iter =            1
 Global time =    5.42000000000000       Iter =            1
 Global time =    5.43000000000000       Iter =            1
 Global time =    5.44000000000000       Iter =            1
 Global time =    5.45000000000000       Iter =            1
 Global time =    5.46000000000000       Iter =            1
 Global time =    5.47000000000000       Iter =            1
 Global time =    5.48000000000000       Iter =            1
 Global time =    5.49000000000000       Iter =            1
 Global time =    5.50000000000000       Iter =            1
 Global time =    5.51000000000000       Iter =            1
 Global time =    5.52000000000000       Iter =            1
 Global time =    5.53000000000000       Iter =            1
 Global time =    5.54000000000000       Iter =            1
 Global time =    5.55000000000000       Iter =            1
 Global time =    5.56000000000000       Iter =            1
 Global time =    5.57000000000000       Iter =            1
 Global time =    5.58000000000000       Iter =            1
 Global time =    5.59000000000000       Iter =            1
 Global time =    5.60000000000000       Iter =            1
 Global time =    5.61000000000000       Iter =            1
 Global time =    5.62000000000000       Iter =            1
 Global time =    5.63000000000000       Iter =            1
 Global time =    5.64000000000000       Iter =            1
 Global time =    5.65000000000000       Iter =            1
 Global time =    5.66000000000000       Iter =            1
 Global time =    5.67000000000000       Iter =            1
 Global time =    5.68000000000000       Iter =            1
 Global time =    5.69000000000000       Iter =            1
 Global time =    5.70000000000000       Iter =            1
 Global time =    5.71000000000000       Iter =            1
 Global time =    5.72000000000000       Iter =            1
 Global time =    5.73000000000000       Iter =            1
 Global time =    5.74000000000000       Iter =            1
 Global time =    5.75000000000000       Iter =            1
 Global time =    5.76000000000000       Iter =            1
 Global time =    5.77000000000000       Iter =            1
 Global time =    5.78000000000000       Iter =            1
 Global time =    5.79000000000000       Iter =            1
 Global time =    5.80000000000000       Iter =            1
 Global time =    5.81000000000000       Iter =            1
 Global time =    5.82000000000000       Iter =            1
 Global time =    5.83000000000000       Iter =            1
 Global time =    5.84000000000000       Iter =            1
 Global time =    5.85000000000000       Iter =            1
 Global time =    5.86000000000000       Iter =            1
 Global time =    5.87000000000000       Iter =            1
 Global time =    5.88000000000000       Iter =            1
 Global time =    5.89000000000000       Iter =            1
 Global time =    5.90000000000000       Iter =            1
 Global time =    5.91000000000000       Iter =            1
 Global time =    5.92000000000000       Iter =            1
 Global time =    5.93000000000000       Iter =            1
 Global time =    5.94000000000000       Iter =            1
 Global time =    5.95000000000000       Iter =            1
