 ***********************************************************************
 *  Build information for HAWCStab2
 *  Aeroservoelastic stability tool for wind turbines
 *  Intel, version         2021 ,     20201112
 *  WINDOWS 64-bit
 ***********************************************************************
 *  GIT-TAG        = v2.16.4
 *  GIT-BRANCH     = 
 *  BUILD_TYPE     = Windows64 RELEASE
 *  BUILDER        = ContainerAdministrator
 *  COMPUTER_NAME  = RUNNER-CWSASYZT
 *  BUILD_DATE     = Tue 08/13/2024
 ***********************************************************************
________________________________________________________________________
  Log file output
                                                       Time : 15:00:00
                                                       Date : 30:09.2024
________________________________________________________________________
 Opening main command file: .\dtu_10mw_1wsp.opt
 Current directory is 
 C:\Users\nicol\git\LAC_repo\assignment_01\hawc_files\dtu_10mw\data
*** ERROR *** No line termination in command line  1
