 ***********************************************************************
 *  Build information for HAWCStab2
 *  Aeroservoelastic stability tool for wind turbines
 *  Intel, version         2021 ,     20201112
 *  WINDOWS 64-bit
 ***********************************************************************
 *  GIT-TAG        = v2.16.4
 *  GIT-BRANCH     = 
 *  BUILD_TYPE     = Windows64 RELEASE
 *  BUILDER        = ContainerAdministrator
 *  COMPUTER_NAME  = RUNNER-CWSASYZT
 *  BUILD_DATE     = Tue 08/13/2024
 ***********************************************************************
________________________________________________________________________
  Log file output
                                                       Time : 17:50:07
                                                       Date : 10:12.2024
________________________________________________________________________
 Opening main command file: .\remodel_hawc2s_ctrl_C12.htc
 Current directory is C:\Users\nicol\git\LAC_final\assignment_05\remodel
 Reading data of main body : tower
 Succes opening ./data/DTU_10MW_RWT_Tower_st.dat
 timoschenko input commands read with succes
 topologi_c2def_inputs read with succes
 Topologi main body tower commands read with succes
 Reading data of main body : towertop
 Succes opening ./data/DTU_10MW_RWT_Towertop_st.dat
 timoschenko input commands read with succes
 topologi_c2def_inputs read with succes
 Topologi main body towertop commands read with succes
 Reading data of main body : shaft
 Succes opening ./data/DTU_10MW_RWT_Shaft_st.dat
 timoschenko input commands read with succes
 topologi_c2def_inputs read with succes
 Topologi main body shaft commands read with succes
 Reading data of main body : hub1
 Succes opening ./data/DTU_10MW_RWT_Hub_st.dat
 timoschenko input commands read with succes
 topologi_c2def_inputs read with succes
 Topologi main body hub1 commands read with succes
 Reading data of main body : hub2
 Topologi main body hub2 commands read with succes
 Reading data of main body : hub3
 Topologi main body hub3 commands read with succes
 Reading data of main body : blade1
 Succes opening ./data/remodel_RWT_Blade_st.dat
 timoschenko input commands read with succes
 topologi_c2def_inputs read with succes
 Topologi main body blade1 commands read with succes
 Reading data of main body : blade2
 Topologi main body blade2 commands read with succes
 Reading data of main body : blade3
 Topologi main body blade3 commands read with succes
 Base orientation input commands read with succes
 relative orientation input commands read with succes
 relative orientation input commands read with succes
 relative orientation input commands read with succes
 relative orientation input commands read with succes
 relative orientation input commands read with succes
 relative orientation input commands read with succes
 relative orientation input commands read with succes
 relative orientation input commands read with succes
 Orientation input commands read with succes
 Fix0 constraint input commands read with succes
 Fix1 constraint input commands read with succes
 Bearing1 constraint input commands read with succes
 Fix1 constraint input commands read with succes
 Fix1 constraint input commands read with succes
 Fix1 constraint input commands read with succes
 bearing2 constraint input commands read with succes
 bearing2 constraint input commands read with succes
 bearing2 constraint input commands read with succes
 constraint input commands read with succes
 Topologi commands read with succes
 Aerodynamic commands read with succes
Creating file folder res_hawc2s
Created folder: 'res_hawc2s'
 HAWCStab2 commands read with succes
 Initialization of structure
 Initializing of aero rotor...
 Initialization of rotor aerodynamics
 Succes opening ./data/remodel_ae.dat
 Succes opening ./data/DTU_10MW_RWT_pc.dat
 Initialization of rotor induction
 Initialization of wind
 Creating link between structure and aerodynamics
******************* HAWCStab2 output *******************
WARNING! Missing wind input block. Setting air density to 1.225km/m3.
