 Logfile: ./log/tca/group1_redesign_turb_tca_05.0_14592.log is open for log outp
 uts
 ***********************************************************************
 *  Build information for HAWC2MB
 *  Aeroelastic tool HAWC2MB
 *  Intel, version         2021 ,     20201112
 *  WINDOWS 64-bit
 ***********************************************************************
 *  GIT-TAG        = 13.1.3
 *  GIT-BRANCH     = 
 *  BUILD_TYPE     = Windows64 RELEASE
 *  BUILDER        = ContainerAdministrator
 *  COMPUTER_NAME  = RUNNER-UYZRLEJ3
 *  BUILD_DATE     = Wed 07/17/2024
 ***********************************************************************
________________________________________________________________________
  Log file output
                                                       Time : 10:54:07
                                                       Date : 05:11.2024
________________________________________________________________________
 Newmark commands read with succes
 Simulation commands read with succes
 Reading data of main body : tower
 *** ERROR ***  opening timoschenko data file ./data/DTU_10MW_RWT_Tower_st.dat
  - ERROR
