 Logfile: ./log/tcb/group1_redesign_turb_tcb_22.0_32953.log is open for log outp
 uts
 ***********************************************************************
 *  Build information for HAWC2MB
 *  Aeroelastic tool HAWC2MB
 *  Intel, version         2021 ,     20210228
 *  Linux
 ***********************************************************************
 *  GIT-TAG        = 13.0.8
 *  GIT-BRANCH     = 
 *  BUILD_TYPE     = Linux64 RELEASE
 *  BUILDER        = gitlab-runner
 *  COMPUTER_NAME  = runner-ekfmjxy-project-399-concurrent-1
 *  BUILD_DATE     = 2023-11-28
 ***********************************************************************
________________________________________________________________________
  Log file output
                                                       Time : 14:29:36
                                                       Date : 05:11.2024
________________________________________________________________________
 Newmark commands read with succes
 Simulation commands read with succes
 Reading data of main body : tower
 Succes opening ./data/DTU_10MW_RWT_Tower_st.dat
 timoschenko input commands read with succes
 topologi_c2def_inputs read with succes
 Topologi main body tower commands read with succes
 Reading data of main body : towertop
 Succes opening ./data/DTU_10MW_RWT_Towertop_st.dat
 timoschenko input commands read with succes
 topologi_c2def_inputs read with succes
 Topologi main body towertop commands read with succes
 Reading data of main body : shaft
 Succes opening ./data/DTU_10MW_RWT_Shaft_st.dat
 timoschenko input commands read with succes
 topologi_c2def_inputs read with succes
 Topologi main body shaft commands read with succes
 Reading data of main body : hub1
 Succes opening ./data/DTU_10MW_RWT_Hub_st.dat
 timoschenko input commands read with succes
 topologi_c2def_inputs read with succes
 Topologi main body hub1 commands read with succes
 Reading data of main body : hub2
 Topologi main body hub2 commands read with succes
 Reading data of main body : hub3
 Topologi main body hub3 commands read with succes
 Reading data of main body : blade1
 Succes opening ./data/Group1_RWT_Blade_st.dat
 timoschenko input commands read with succes
 topologi_c2def_inputs read with succes
 Topologi main body blade1 commands read with succes
 Reading data of main body : blade2
 Topologi main body blade2 commands read with succes
 Reading data of main body : blade3
 Topologi main body blade3 commands read with succes
 Base orientation input commands read with succes
 relative orientation input commands read with succes
 relative orientation input commands read with succes
 relative orientation input commands read with succes
 relative orientation input commands read with succes
 relative orientation input commands read with succes
 relative orientation input commands read with succes
 relative orientation input commands read with succes
 relative orientation input commands read with succes
 Orientation input commands read with succes
 Fix0 constraint input commands read with succes
 Fix1 constraint input commands read with succes
 Bearing1 constraint input commands read with succes
 Fix1 constraint input commands read with succes
 Fix1 constraint input commands read with succes
 Fix1 constraint input commands read with succes
 bearing2 constraint input commands read with succes
 bearing2 constraint input commands read with succes
 bearing2 constraint input commands read with succes
 constraint input commands read with succes
 Topologi commands read with succes
 Tower shadow (potential2 flow) commands read with succes
Mann commands read with succes
 Wind commands read with succes
 aerodrag element commands read with succes
 aerodrag element commands read with succes
 Aerodrag commands read with succes
 Aerodynamic commands read with succes
 output commands read with succes
 Output commands read
 Dll type2 input commands read with succes
 output commands read with succes
 Output commands read
 Actions commands read
 Dll type2 input commands read with succes
 output commands read with succes
 Output commands read
 Actions commands read
 Dll type2 input commands read with succes
 output commands read with succes
 Output commands read
 Actions commands read
 Dll type2 input commands read with succes
 output commands read with succes
 Output commands read
 Dll type2 input commands read with succes
 DLL commands read with succes
 output commands read with succes
 Output commands read
 Initialization of structure
 Initializing of aero rotor...
 Initialization of rotor aerodynamics
 Succes opening ./data/DTU_10MW_RWT_ae.dat
 Succes opening ./data/DTU_10MW_RWT_pc.dat
 Initialization of rotor induction
 Initialization of wind
Initialization of Mann turbulence
Opening turbulence file ./turb/group1_redesign_turb_tcb_22.0_32953_turb_u.bin
Opening turbulence file ./turb/group1_redesign_turb_tcb_22.0_32953_turb_v.bin
Opening turbulence file ./turb/group1_redesign_turb_tcb_22.0_32953_turb_w.bin
 Mann turb. box shorter than required - turbulence is reused after every 599  seconds
In mann, var_target(1)= 9.57283600000000
In Mann module:
Scale factor u= 0.813863303280562
Scale factor v= 0.813863303280562
Scale factor w= 0.813863303280562
 Initialization of tower shadow pot 2 model
 Initialization of external type2 DLL
 External DLL ./control/dtu_we_controller_64.dll is attempted to open
DLL does not exist: ./control/dtu_we_controller.so
DLL does not exist: /zhome/2c/f/203069/hawc2sims/./control/dtu_we_controller.so
DLL does not exist: /appl/hawc2/13.0.8/./control/dtu_we_controller.so
find . -maxdepth 1 -type d -iname 'control'
find ./control -maxdepth 1 -type f -iname 'dtu_we_controller.so'
find /zhome/2c/f/203069/hawc2sims -maxdepth 1 -type d -iname 'control'
find /zhome/2c/f/203069/hawc2sims/control -maxdepth 1 -type f -iname 'dtu_we_controller.so'
DLL does not exist: /zhome/2c/f/203069/hawc2sims/control/dtu_we_controller.so
find /appl/hawc2/13.0.8 -maxdepth 1 -type d -iname 'control'
*** WARNING *** DLL load failed with warning
 *** ERROR *** DLL ./control/dtu_we_controller_64.dll
  could not be loaded - error!
*** WARNING *** Symbol not found in dll: init_regulation_advanced
 *** ERROR *** The DLL subroutine init_regulation_advanced
  could not be found - not used
*** WARNING *** Symbol not found in dll: update_regulation
 *** ERROR *** The DLL subroutineupdate_regulation could not be loaded - error!
*** WARNING *** Symbol not found in dll: message
 *** INFO *** The DLL subroutine message could not be loaded - bypassed!
 Initialization of external type2 DLL
 External DLL ./control/generator_servo_64.dll is attempted to open
DLL does not exist: ./control/generator_servo.so
DLL does not exist: /zhome/2c/f/203069/hawc2sims/./control/generator_servo.so
DLL does not exist: /appl/hawc2/13.0.8/./control/generator_servo.so
find . -maxdepth 1 -type d -iname 'control'
find ./control -maxdepth 1 -type f -iname 'generator_servo.so'
find /zhome/2c/f/203069/hawc2sims -maxdepth 1 -type d -iname 'control'
find /zhome/2c/f/203069/hawc2sims/control -maxdepth 1 -type f -iname 'generator_servo.so'
DLL does not exist: /zhome/2c/f/203069/hawc2sims/control/generator_servo.so
find /appl/hawc2/13.0.8 -maxdepth 1 -type d -iname 'control'
*** WARNING *** DLL load failed with warning
 *** ERROR *** DLL ./control/generator_servo_64.dll could not be loaded - error!
*** WARNING *** Symbol not found in dll: init_generator_servo
 *** ERROR *** The DLL subroutine init_generator_servo
  could not be found - not used
*** WARNING *** Symbol not found in dll: update_generator_servo
 *** ERROR *** The DLL subroutineupdate_generator_servo
  could not be loaded - error!
*** WARNING *** Symbol not found in dll: message
 *** INFO *** The DLL subroutine message could not be loaded - bypassed!
 Initialization of external type2 DLL
 External DLL ./control/mech_brake_64.dll is attempted to open
DLL does not exist: ./control/mech_brake.so
DLL does not exist: /zhome/2c/f/203069/hawc2sims/./control/mech_brake.so
DLL does not exist: /appl/hawc2/13.0.8/./control/mech_brake.so
find . -maxdepth 1 -type d -iname 'control'
find ./control -maxdepth 1 -type f -iname 'mech_brake.so'
find /zhome/2c/f/203069/hawc2sims -maxdepth 1 -type d -iname 'control'
find /zhome/2c/f/203069/hawc2sims/control -maxdepth 1 -type f -iname 'mech_brake.so'
DLL does not exist: /zhome/2c/f/203069/hawc2sims/control/mech_brake.so
find /appl/hawc2/13.0.8 -maxdepth 1 -type d -iname 'control'
*** WARNING *** DLL load failed with warning
 *** ERROR *** DLL ./control/mech_brake_64.dll could not be loaded - error!
*** WARNING *** Symbol not found in dll: init_mech_brake
 *** ERROR *** The DLL subroutine init_mech_brake could not be found - not used
*** WARNING *** Symbol not found in dll: update_mech_brake
 *** ERROR *** The DLL subroutineupdate_mech_brake could not be loaded - error!
*** WARNING *** Symbol not found in dll: message
 *** INFO *** The DLL subroutine message could not be loaded - bypassed!
 Initialization of external type2 DLL
 External DLL ./control/servo_with_limits_64.dll is attempted to open
DLL does not exist: ./control/servo_with_limits.so
DLL does not exist: /zhome/2c/f/203069/hawc2sims/./control/servo_with_limits.so
DLL does not exist: /appl/hawc2/13.0.8/./control/servo_with_limits.so
find . -maxdepth 1 -type d -iname 'control'
find ./control -maxdepth 1 -type f -iname 'servo_with_limits.so'
find /zhome/2c/f/203069/hawc2sims -maxdepth 1 -type d -iname 'control'
find /zhome/2c/f/203069/hawc2sims/control -maxdepth 1 -type f -iname 'servo_with_limits.so'
DLL does not exist: /zhome/2c/f/203069/hawc2sims/control/servo_with_limits.so
find /appl/hawc2/13.0.8 -maxdepth 1 -type d -iname 'control'
*** WARNING *** DLL load failed with warning
 *** ERROR *** DLL ./control/servo_with_limits_64.dll
  could not be loaded - error!
*** WARNING *** Symbol not found in dll: init_servo_with_limits
 *** ERROR *** The DLL subroutine init_servo_with_limits
  could not be found - not used
*** WARNING *** Symbol not found in dll: update_servo_with_limits
 *** ERROR *** The DLL subroutineupdate_servo_with_limits
  could not be loaded - error!
*** WARNING *** Symbol not found in dll: message
 *** INFO *** The DLL subroutine message could not be loaded - bypassed!
 Initialization of external type2 DLL
 External DLL ./control/towerclearance_mblade_64.dll is attempted to open
DLL does not exist: ./control/towerclearance_mblade.so
DLL does not exist: /zhome/2c/f/203069/hawc2sims/./control/towerclearance_mblade.so
DLL does not exist: /appl/hawc2/13.0.8/./control/towerclearance_mblade.so
find . -maxdepth 1 -type d -iname 'control'
find ./control -maxdepth 1 -type f -iname 'towerclearance_mblade.so'
find /zhome/2c/f/203069/hawc2sims -maxdepth 1 -type d -iname 'control'
find /zhome/2c/f/203069/hawc2sims/control -maxdepth 1 -type f -iname 'towerclearance_mblade.so'
DLL does not exist: /zhome/2c/f/203069/hawc2sims/control/towerclearance_mblade.so
find /appl/hawc2/13.0.8 -maxdepth 1 -type d -iname 'control'
*** WARNING *** DLL load failed with warning
 *** ERROR *** DLL ./control/towerclearance_mblade_64.dll
  could not be loaded - error!
*** WARNING *** Symbol not found in dll: initialize
 *** ERROR *** The DLL subroutine initialize could not be found - not used
*** WARNING *** Symbol not found in dll: update
 *** ERROR *** The DLL subroutineupdate could not be loaded - error!
*** WARNING *** Symbol not found in dll: message
 *** INFO *** The DLL subroutine message could not be loaded - bypassed!
 Creating link between structure and aerodynamics
 Creating link between structure and aerodrag
 Initialization of Aerodrag
 Starting simulation
Constraint residual is .6403E-13 < .10E-06. Max residual in constraint 34
Dynamic stall method:  2 used for entire rotor
    ... initialization of unified dynamic stall model.
DS model deactivated: blade  1 at 0mm. Max f_sep=  0.00, dclda=  0.00, thickness=100.00. See manual to change limit values
DS model deactivated: blade  1 at 92mm. Max f_sep=  4.24, dclda=  0.00, thickness= 99.98. See manual to change limit values
DS model deactivated: blade  1 at 368mm. Max f_sep=  4.24, dclda=  0.00, thickness= 99.93. See manual to change limit values
DS model deactivated: blade  1 at 828mm. Max f_sep=  4.24, dclda=  0.00, thickness= 99.85. See manual to change limit values
DS model deactivated: blade  1 at 1469mm. Max f_sep=  4.24, dclda=  0.00, thickness= 99.73. See manual to change limit values
DS model deactivated: blade  1 at 2288mm. Max f_sep=  4.24, dclda=  0.00, thickness= 99.59. See manual to change limit values
DS model deactivated: blade  1 at 3282mm. Max f_sep=  4.24, dclda=  0.00, thickness= 98.92. See manual to change limit values
DS model deactivated: blade  1 at 4448mm. Max f_sep=  4.24, dclda=  0.01, thickness= 98.13. See manual to change limit values
DS model deactivated: blade  1 at 5780mm. Max f_sep=  4.24, dclda=  0.01, thickness= 96.87. See manual to change limit values
DS model deactivated: blade  1 at 7273mm. Max f_sep=  4.24, dclda=  0.02, thickness= 95.07. See manual to change limit values
DS model deactivated: blade  1 at 8920mm. Max f_sep=  4.24, dclda=  0.04, thickness= 91.96. See manual to change limit values
DS model deactivated: blade  1 at 10716mm. Max f_sep=  4.24, dclda=  0.05, thickness= 88.02. See manual to change limit values
DS model deactivated: blade  1 at 12652mm. Max f_sep=  4.24, dclda=  0.08, thickness= 83.27. See manual to change limit values
DS model deactivated: blade  1 at 14720mm. Max f_sep=  4.24, dclda=  0.10, thickness= 77.64. See manual to change limit values
DS model deactivated: blade  1 at 16913mm. Max f_sep=  4.24, dclda=  0.13, thickness= 71.13. See manual to change limit values
DS model deactivated: blade  1 at 19221mm. Max f_sep=  4.24, dclda=  0.17, thickness= 63.85. See manual to change limit values
DS model deactivated: blade  1 at 21634mm. Max f_sep=  1.12, dclda=  2.42, thickness= 56.28. See manual to change limit values
DS model deactivated: blade  1 at 24143mm. Max f_sep=  1.11, dclda=  2.90, thickness= 49.35. See manual to change limit values
DS model deactivated: blade  2 at 0mm. Max f_sep=  0.00, dclda=  0.00, thickness=100.00. See manual to change limit values
DS model deactivated: blade  2 at 92mm. Max f_sep=  4.24, dclda=  0.00, thickness= 99.98. See manual to change limit values
DS model deactivated: blade  2 at 368mm. Max f_sep=  4.24, dclda=  0.00, thickness= 99.93. See manual to change limit values
DS model deactivated: blade  2 at 828mm. Max f_sep=  4.24, dclda=  0.00, thickness= 99.85. See manual to change limit values
DS model deactivated: blade  2 at 1469mm. Max f_sep=  4.24, dclda=  0.00, thickness= 99.73. See manual to change limit values
DS model deactivated: blade  2 at 2288mm. Max f_sep=  4.24, dclda=  0.00, thickness= 99.59. See manual to change limit values
DS model deactivated: blade  2 at 3282mm. Max f_sep=  4.24, dclda=  0.00, thickness= 98.92. See manual to change limit values
DS model deactivated: blade  2 at 4448mm. Max f_sep=  4.24, dclda=  0.01, thickness= 98.13. See manual to change limit values
DS model deactivated: blade  2 at 5780mm. Max f_sep=  4.24, dclda=  0.01, thickness= 96.87. See manual to change limit values
DS model deactivated: blade  2 at 7273mm. Max f_sep=  4.24, dclda=  0.02, thickness= 95.07. See manual to change limit values
DS model deactivated: blade  2 at 8920mm. Max f_sep=  4.24, dclda=  0.04, thickness= 91.96. See manual to change limit values
DS model deactivated: blade  2 at 10716mm. Max f_sep=  4.24, dclda=  0.05, thickness= 88.02. See manual to change limit values
DS model deactivated: blade  2 at 12652mm. Max f_sep=  4.24, dclda=  0.08, thickness= 83.27. See manual to change limit values
DS model deactivated: blade  2 at 14720mm. Max f_sep=  4.24, dclda=  0.10, thickness= 77.64. See manual to change limit values
DS model deactivated: blade  2 at 16913mm. Max f_sep=  4.24, dclda=  0.13, thickness= 71.13. See manual to change limit values
DS model deactivated: blade  2 at 19221mm. Max f_sep=  4.24, dclda=  0.17, thickness= 63.85. See manual to change limit values
DS model deactivated: blade  2 at 21634mm. Max f_sep=  1.12, dclda=  2.42, thickness= 56.28. See manual to change limit values
DS model deactivated: blade  2 at 24143mm. Max f_sep=  1.11, dclda=  2.90, thickness= 49.35. See manual to change limit values
DS model deactivated: blade  3 at 0mm. Max f_sep=  0.00, dclda=  0.00, thickness=100.00. See manual to change limit values
DS model deactivated: blade  3 at 92mm. Max f_sep=  4.24, dclda=  0.00, thickness= 99.98. See manual to change limit values
DS model deactivated: blade  3 at 368mm. Max f_sep=  4.24, dclda=  0.00, thickness= 99.93. See manual to change limit values
DS model deactivated: blade  3 at 828mm. Max f_sep=  4.24, dclda=  0.00, thickness= 99.85. See manual to change limit values
DS model deactivated: blade  3 at 1469mm. Max f_sep=  4.24, dclda=  0.00, thickness= 99.73. See manual to change limit values
DS model deactivated: blade  3 at 2288mm. Max f_sep=  4.24, dclda=  0.00, thickness= 99.59. See manual to change limit values
DS model deactivated: blade  3 at 3282mm. Max f_sep=  4.24, dclda=  0.00, thickness= 98.92. See manual to change limit values
DS model deactivated: blade  3 at 4448mm. Max f_sep=  4.24, dclda=  0.01, thickness= 98.13. See manual to change limit values
DS model deactivated: blade  3 at 5780mm. Max f_sep=  4.24, dclda=  0.01, thickness= 96.87. See manual to change limit values
DS model deactivated: blade  3 at 7273mm. Max f_sep=  4.24, dclda=  0.02, thickness= 95.07. See manual to change limit values
DS model deactivated: blade  3 at 8920mm. Max f_sep=  4.24, dclda=  0.04, thickness= 91.96. See manual to change limit values
DS model deactivated: blade  3 at 10716mm. Max f_sep=  4.24, dclda=  0.05, thickness= 88.02. See manual to change limit values
DS model deactivated: blade  3 at 12652mm. Max f_sep=  4.24, dclda=  0.08, thickness= 83.27. See manual to change limit values
DS model deactivated: blade  3 at 14720mm. Max f_sep=  4.24, dclda=  0.10, thickness= 77.64. See manual to change limit values
DS model deactivated: blade  3 at 16913mm. Max f_sep=  4.24, dclda=  0.13, thickness= 71.13. See manual to change limit values
DS model deactivated: blade  3 at 19221mm. Max f_sep=  4.24, dclda=  0.17, thickness= 63.85. See manual to change limit values
DS model deactivated: blade  3 at 21634mm. Max f_sep=  1.12, dclda=  2.42, thickness= 56.28. See manual to change limit values
DS model deactivated: blade  3 at 24143mm. Max f_sep=  1.11, dclda=  2.90, thickness= 49.35. See manual to change limit values
